<?xml version="1.0" encoding="UTF-8"?>
<!-- Generated by org.testng.reporters.JUnitXMLReporter -->
<testsuite ignored="0" hostname="DESKTOP-HIN4ESK" failures="7" tests="13" name="FirefoxTests" time="222.104" errors="0" timestamp="2024-09-20T15:36:39 IST">
  <testcase classname="Tests.SignupTests" name="signuptest" time="18.151"/>
  <testcase classname="Tests.Logintest" name="login" time="2.812">
    <failure type="org.openqa.selenium.ElementClickInterceptedException" message="Element &amp;lt;div class=&amp;quot;btn btn-red plr-50&amp;quot;&amp;gt; is not clickable at point (508,388) because another element &amp;lt;div class=&amp;quot;fade modal show&amp;quot;&amp;gt; obscures it
Build info: version: &amp;apos;4.18.1&amp;apos;, revision: &amp;apos;b1d3319b48&amp;apos;
System info: os.name: &amp;apos;Windows 11&amp;apos;, os.arch: &amp;apos;amd64&amp;apos;, os.version: &amp;apos;10.0&amp;apos;, java.version: &amp;apos;22.0.1&amp;apos;
Driver info: org.openqa.selenium.firefox.FirefoxDriver
Command: [95734adb-1662-4499-a02b-2e3cef7e62f4, clickElement {id=e0f55fbf-26ed-4987-b661-50e3b76c3a2f}]
Capabilities {acceptInsecureCerts: true, browserName: firefox, browserVersion: 130.0.1, moz:accessibilityChecks: false, moz:buildID: 20240913135723, moz:geckodriverVersion: 0.35.0, moz:headless: false, moz:platformVersion: 10.0, moz:processID: 40536, moz:profile: C:\Users\harin\AppData\Loca..., moz:shutdownTimeout: 60000, moz:webdriverClick: true, moz:windowless: false, pageLoadStrategy: normal, platformName: windows, proxy: Proxy(), setWindowRect: true, strictFileInteractability: false, timeouts: {implicit: 0, pageLoad: 300000, script: 30000}, unhandledPromptBehavior: dismiss and notify, userAgent: Mozilla/5.0 (Windows NT 10....}
Element: [[FirefoxDriver: firefox on windows (95734adb-1662-4499-a02b-2e3cef7e62f4)] -&amp;gt; xpath: (//div[.=&amp;apos;Log In&amp;apos;])[3]]
Session ID: 95734adb-1662-4499-a02b-2e3cef7e62f4">
      <![CDATA[org.openqa.selenium.ElementClickInterceptedException: Element <div class="btn btn-red plr-50"> is not clickable at point (508,388) because another element <div class="fade modal show"> obscures it
Build info: version: '4.18.1', revision: 'b1d3319b48'
System info: os.name: 'Windows 11', os.arch: 'amd64', os.version: '10.0', java.version: '22.0.1'
Driver info: org.openqa.selenium.firefox.FirefoxDriver
Command: [95734adb-1662-4499-a02b-2e3cef7e62f4, clickElement {id=e0f55fbf-26ed-4987-b661-50e3b76c3a2f}]
Capabilities {acceptInsecureCerts: true, browserName: firefox, browserVersion: 130.0.1, moz:accessibilityChecks: false, moz:buildID: 20240913135723, moz:geckodriverVersion: 0.35.0, moz:headless: false, moz:platformVersion: 10.0, moz:processID: 40536, moz:profile: C:\Users\harin\AppData\Loca..., moz:shutdownTimeout: 60000, moz:webdriverClick: true, moz:windowless: false, pageLoadStrategy: normal, platformName: windows, proxy: Proxy(), setWindowRect: true, strictFileInteractability: false, timeouts: {implicit: 0, pageLoad: 300000, script: 30000}, unhandledPromptBehavior: dismiss and notify, userAgent: Mozilla/5.0 (Windows NT 10....}
Element: [[FirefoxDriver: firefox on windows (95734adb-1662-4499-a02b-2e3cef7e62f4)] -> xpath: (//div[.='Log In'])[3]]
Session ID: 95734adb-1662-4499-a02b-2e3cef7e62f4
at org.openqa.selenium.remote.ErrorCodec.decode(ErrorCodec.java:167)
at org.openqa.selenium.remote.codec.w3c.W3CHttpResponseCodec.decode(W3CHttpResponseCodec.java:138)
at org.openqa.selenium.remote.codec.w3c.W3CHttpResponseCodec.decode(W3CHttpResponseCodec.java:50)
at org.openqa.selenium.remote.HttpCommandExecutor.execute(HttpCommandExecutor.java:190)
at org.openqa.selenium.remote.service.DriverCommandExecutor.invokeExecute(DriverCommandExecutor.java:216)
at org.openqa.selenium.remote.service.DriverCommandExecutor.execute(DriverCommandExecutor.java:174)
at org.openqa.selenium.remote.RemoteWebDriver.execute(RemoteWebDriver.java:519)
at org.openqa.selenium.remote.RemoteWebElement.execute(RemoteWebElement.java:223)
at org.openqa.selenium.remote.RemoteWebElement.click(RemoteWebElement.java:76)
at org.openqa.selenium.support.pagefactory.internal.LocatingElementHandler.invoke(LocatingElementHandler.java:51)
at jdk.proxy2/jdk.proxy2.$Proxy20.click(Unknown Source)
at Utility.utils.clickbtnjs(utils.java:186)
at Pages.Loginpage.logindetails(Loginpage.java:65)
at Tests.Logintest.login(Logintest.java:26)
at java.base/java.util.ArrayList.forEach(ArrayList.java:1597)
... Removed 30 stack frames]]>
    </failure>
  </testcase> <!-- login -->
  <testcase classname="Tests.Logintest" name="login" time="2.937">
    <failure type="org.openqa.selenium.ElementClickInterceptedException" message="Element &amp;lt;div class=&amp;quot;btn btn-red plr-50&amp;quot;&amp;gt; is not clickable at point (508,379) because another element &amp;lt;div class=&amp;quot;fade modal show&amp;quot;&amp;gt; obscures it
Build info: version: &amp;apos;4.18.1&amp;apos;, revision: &amp;apos;b1d3319b48&amp;apos;
System info: os.name: &amp;apos;Windows 11&amp;apos;, os.arch: &amp;apos;amd64&amp;apos;, os.version: &amp;apos;10.0&amp;apos;, java.version: &amp;apos;22.0.1&amp;apos;
Driver info: org.openqa.selenium.firefox.FirefoxDriver
Command: [c775bca2-1b56-4a2d-b53d-45eecd61efde, clickElement {id=620ca4a9-2b4a-4ef6-b735-d31c58754d67}]
Capabilities {acceptInsecureCerts: true, browserName: firefox, browserVersion: 130.0.1, moz:accessibilityChecks: false, moz:buildID: 20240913135723, moz:geckodriverVersion: 0.35.0, moz:headless: false, moz:platformVersion: 10.0, moz:processID: 18360, moz:profile: C:\Users\harin\AppData\Loca..., moz:shutdownTimeout: 60000, moz:webdriverClick: true, moz:windowless: false, pageLoadStrategy: normal, platformName: windows, proxy: Proxy(), setWindowRect: true, strictFileInteractability: false, timeouts: {implicit: 0, pageLoad: 300000, script: 30000}, unhandledPromptBehavior: dismiss and notify, userAgent: Mozilla/5.0 (Windows NT 10....}
Element: [[FirefoxDriver: firefox on windows (c775bca2-1b56-4a2d-b53d-45eecd61efde)] -&amp;gt; xpath: (//div[.=&amp;apos;Log In&amp;apos;])[3]]
Session ID: c775bca2-1b56-4a2d-b53d-45eecd61efde">
      <![CDATA[org.openqa.selenium.ElementClickInterceptedException: Element <div class="btn btn-red plr-50"> is not clickable at point (508,379) because another element <div class="fade modal show"> obscures it
Build info: version: '4.18.1', revision: 'b1d3319b48'
System info: os.name: 'Windows 11', os.arch: 'amd64', os.version: '10.0', java.version: '22.0.1'
Driver info: org.openqa.selenium.firefox.FirefoxDriver
Command: [c775bca2-1b56-4a2d-b53d-45eecd61efde, clickElement {id=620ca4a9-2b4a-4ef6-b735-d31c58754d67}]
Capabilities {acceptInsecureCerts: true, browserName: firefox, browserVersion: 130.0.1, moz:accessibilityChecks: false, moz:buildID: 20240913135723, moz:geckodriverVersion: 0.35.0, moz:headless: false, moz:platformVersion: 10.0, moz:processID: 18360, moz:profile: C:\Users\harin\AppData\Loca..., moz:shutdownTimeout: 60000, moz:webdriverClick: true, moz:windowless: false, pageLoadStrategy: normal, platformName: windows, proxy: Proxy(), setWindowRect: true, strictFileInteractability: false, timeouts: {implicit: 0, pageLoad: 300000, script: 30000}, unhandledPromptBehavior: dismiss and notify, userAgent: Mozilla/5.0 (Windows NT 10....}
Element: [[FirefoxDriver: firefox on windows (c775bca2-1b56-4a2d-b53d-45eecd61efde)] -> xpath: (//div[.='Log In'])[3]]
Session ID: c775bca2-1b56-4a2d-b53d-45eecd61efde
at org.openqa.selenium.remote.ErrorCodec.decode(ErrorCodec.java:167)
at org.openqa.selenium.remote.codec.w3c.W3CHttpResponseCodec.decode(W3CHttpResponseCodec.java:138)
at org.openqa.selenium.remote.codec.w3c.W3CHttpResponseCodec.decode(W3CHttpResponseCodec.java:50)
at org.openqa.selenium.remote.HttpCommandExecutor.execute(HttpCommandExecutor.java:190)
at org.openqa.selenium.remote.service.DriverCommandExecutor.invokeExecute(DriverCommandExecutor.java:216)
at org.openqa.selenium.remote.service.DriverCommandExecutor.execute(DriverCommandExecutor.java:174)
at org.openqa.selenium.remote.RemoteWebDriver.execute(RemoteWebDriver.java:519)
at org.openqa.selenium.remote.RemoteWebElement.execute(RemoteWebElement.java:223)
at org.openqa.selenium.remote.RemoteWebElement.click(RemoteWebElement.java:76)
at org.openqa.selenium.support.pagefactory.internal.LocatingElementHandler.invoke(LocatingElementHandler.java:51)
at jdk.proxy2/jdk.proxy2.$Proxy20.click(Unknown Source)
at Utility.utils.clickbtnjs(utils.java:186)
at Pages.Loginpage.logindetails(Loginpage.java:65)
at Tests.Logintest.login(Logintest.java:26)
at java.base/java.util.ArrayList.forEach(ArrayList.java:1597)
... Removed 30 stack frames]]>
    </failure>
  </testcase> <!-- login -->
  <testcase classname="Tests.Logintest" name="login" time="5.024"/>
  <testcase classname="Tests.Logintest" name="login" time="2.873">
    <failure type="org.openqa.selenium.ElementClickInterceptedException" message="Element &amp;lt;div class=&amp;quot;btn btn-red plr-50&amp;quot;&amp;gt; is not clickable at point (508,379) because another element &amp;lt;div class=&amp;quot;fade modal show&amp;quot;&amp;gt; obscures it
Build info: version: &amp;apos;4.18.1&amp;apos;, revision: &amp;apos;b1d3319b48&amp;apos;
System info: os.name: &amp;apos;Windows 11&amp;apos;, os.arch: &amp;apos;amd64&amp;apos;, os.version: &amp;apos;10.0&amp;apos;, java.version: &amp;apos;22.0.1&amp;apos;
Driver info: org.openqa.selenium.firefox.FirefoxDriver
Command: [cb81038d-c801-43fc-acd5-32f9577c5de6, clickElement {id=e45592df-7893-46c3-8e14-71bba17a4626}]
Capabilities {acceptInsecureCerts: true, browserName: firefox, browserVersion: 130.0.1, moz:accessibilityChecks: false, moz:buildID: 20240913135723, moz:geckodriverVersion: 0.35.0, moz:headless: false, moz:platformVersion: 10.0, moz:processID: 23884, moz:profile: C:\Users\harin\AppData\Loca..., moz:shutdownTimeout: 60000, moz:webdriverClick: true, moz:windowless: false, pageLoadStrategy: normal, platformName: windows, proxy: Proxy(), setWindowRect: true, strictFileInteractability: false, timeouts: {implicit: 0, pageLoad: 300000, script: 30000}, unhandledPromptBehavior: dismiss and notify, userAgent: Mozilla/5.0 (Windows NT 10....}
Element: [[FirefoxDriver: firefox on windows (cb81038d-c801-43fc-acd5-32f9577c5de6)] -&amp;gt; xpath: (//div[.=&amp;apos;Log In&amp;apos;])[3]]
Session ID: cb81038d-c801-43fc-acd5-32f9577c5de6">
      <![CDATA[org.openqa.selenium.ElementClickInterceptedException: Element <div class="btn btn-red plr-50"> is not clickable at point (508,379) because another element <div class="fade modal show"> obscures it
Build info: version: '4.18.1', revision: 'b1d3319b48'
System info: os.name: 'Windows 11', os.arch: 'amd64', os.version: '10.0', java.version: '22.0.1'
Driver info: org.openqa.selenium.firefox.FirefoxDriver
Command: [cb81038d-c801-43fc-acd5-32f9577c5de6, clickElement {id=e45592df-7893-46c3-8e14-71bba17a4626}]
Capabilities {acceptInsecureCerts: true, browserName: firefox, browserVersion: 130.0.1, moz:accessibilityChecks: false, moz:buildID: 20240913135723, moz:geckodriverVersion: 0.35.0, moz:headless: false, moz:platformVersion: 10.0, moz:processID: 23884, moz:profile: C:\Users\harin\AppData\Loca..., moz:shutdownTimeout: 60000, moz:webdriverClick: true, moz:windowless: false, pageLoadStrategy: normal, platformName: windows, proxy: Proxy(), setWindowRect: true, strictFileInteractability: false, timeouts: {implicit: 0, pageLoad: 300000, script: 30000}, unhandledPromptBehavior: dismiss and notify, userAgent: Mozilla/5.0 (Windows NT 10....}
Element: [[FirefoxDriver: firefox on windows (cb81038d-c801-43fc-acd5-32f9577c5de6)] -> xpath: (//div[.='Log In'])[3]]
Session ID: cb81038d-c801-43fc-acd5-32f9577c5de6
at org.openqa.selenium.remote.ErrorCodec.decode(ErrorCodec.java:167)
at org.openqa.selenium.remote.codec.w3c.W3CHttpResponseCodec.decode(W3CHttpResponseCodec.java:138)
at org.openqa.selenium.remote.codec.w3c.W3CHttpResponseCodec.decode(W3CHttpResponseCodec.java:50)
at org.openqa.selenium.remote.HttpCommandExecutor.execute(HttpCommandExecutor.java:190)
at org.openqa.selenium.remote.service.DriverCommandExecutor.invokeExecute(DriverCommandExecutor.java:216)
at org.openqa.selenium.remote.service.DriverCommandExecutor.execute(DriverCommandExecutor.java:174)
at org.openqa.selenium.remote.RemoteWebDriver.execute(RemoteWebDriver.java:519)
at org.openqa.selenium.remote.RemoteWebElement.execute(RemoteWebElement.java:223)
at org.openqa.selenium.remote.RemoteWebElement.click(RemoteWebElement.java:76)
at org.openqa.selenium.support.pagefactory.internal.LocatingElementHandler.invoke(LocatingElementHandler.java:51)
at jdk.proxy2/jdk.proxy2.$Proxy20.click(Unknown Source)
at Utility.utils.clickbtnjs(utils.java:186)
at Pages.Loginpage.logindetails(Loginpage.java:65)
at Tests.Logintest.login(Logintest.java:26)
at java.base/java.util.ArrayList.forEach(ArrayList.java:1597)
... Removed 30 stack frames]]>
    </failure>
  </testcase> <!-- login -->
  <testcase classname="Tests.Logintest" name="login" time="5.008"/>
  <testcase classname="Tests.Logintest" name="login" time="50.176">
    <failure type="org.openqa.selenium.TimeoutException" message="Expected condition failed: waiting for visibility of element located by By.xpath: /html[1]/body[1]/div[4]/div[1]/div[1]/div[1]/form[1]/div[4]/small[1] (tried for 45 second(s) with 500 milliseconds interval)
Build info: version: &amp;apos;4.18.1&amp;apos;, revision: &amp;apos;b1d3319b48&amp;apos;
System info: os.name: &amp;apos;Windows 11&amp;apos;, os.arch: &amp;apos;amd64&amp;apos;, os.version: &amp;apos;10.0&amp;apos;, java.version: &amp;apos;22.0.1&amp;apos;
Driver info: org.openqa.selenium.firefox.FirefoxDriver
Capabilities {acceptInsecureCerts: true, browserName: firefox, browserVersion: 130.0.1, moz:accessibilityChecks: false, moz:buildID: 20240913135723, moz:geckodriverVersion: 0.35.0, moz:headless: false, moz:platformVersion: 10.0, moz:processID: 47396, moz:profile: C:\Users\harin\AppData\Loca..., moz:shutdownTimeout: 60000, moz:webdriverClick: true, moz:windowless: false, pageLoadStrategy: normal, platformName: windows, proxy: Proxy(), setWindowRect: true, strictFileInteractability: false, timeouts: {implicit: 0, pageLoad: 300000, script: 30000}, unhandledPromptBehavior: dismiss and notify, userAgent: Mozilla/5.0 (Windows NT 10....}
Session ID: 221077c7-2f86-4911-9419-2d08b470af63">
      <![CDATA[org.openqa.selenium.TimeoutException: Expected condition failed: waiting for visibility of element located by By.xpath: /html[1]/body[1]/div[4]/div[1]/div[1]/div[1]/form[1]/div[4]/small[1] (tried for 45 second(s) with 500 milliseconds interval)
Build info: version: '4.18.1', revision: 'b1d3319b48'
System info: os.name: 'Windows 11', os.arch: 'amd64', os.version: '10.0', java.version: '22.0.1'
Driver info: org.openqa.selenium.firefox.FirefoxDriver
Capabilities {acceptInsecureCerts: true, browserName: firefox, browserVersion: 130.0.1, moz:accessibilityChecks: false, moz:buildID: 20240913135723, moz:geckodriverVersion: 0.35.0, moz:headless: false, moz:platformVersion: 10.0, moz:processID: 47396, moz:profile: C:\Users\harin\AppData\Loca..., moz:shutdownTimeout: 60000, moz:webdriverClick: true, moz:windowless: false, pageLoadStrategy: normal, platformName: windows, proxy: Proxy(), setWindowRect: true, strictFileInteractability: false, timeouts: {implicit: 0, pageLoad: 300000, script: 30000}, unhandledPromptBehavior: dismiss and notify, userAgent: Mozilla/5.0 (Windows NT 10....}
Session ID: 221077c7-2f86-4911-9419-2d08b470af63
at org.openqa.selenium.support.ui.WebDriverWait.timeoutException(WebDriverWait.java:84)
at org.openqa.selenium.support.ui.FluentWait.until(FluentWait.java:228)
at Utility.utils.actandexpec(utils.java:142)
at Tests.Logintest.login(Logintest.java:27)
at java.base/java.util.ArrayList.forEach(ArrayList.java:1597)
... Removed 25 stack frames]]>
    </failure>
  </testcase> <!-- login -->
  <testcase classname="Tests.Logintest" name="login" time="2.859">
    <failure type="org.openqa.selenium.ElementClickInterceptedException" message="Element &amp;lt;div class=&amp;quot;btn btn-red plr-50&amp;quot;&amp;gt; is not clickable at point (508,379) because another element &amp;lt;div class=&amp;quot;fade modal show&amp;quot;&amp;gt; obscures it
Build info: version: &amp;apos;4.18.1&amp;apos;, revision: &amp;apos;b1d3319b48&amp;apos;
System info: os.name: &amp;apos;Windows 11&amp;apos;, os.arch: &amp;apos;amd64&amp;apos;, os.version: &amp;apos;10.0&amp;apos;, java.version: &amp;apos;22.0.1&amp;apos;
Driver info: org.openqa.selenium.firefox.FirefoxDriver
Command: [5be3237d-ac91-478f-96f9-4394e08f94aa, clickElement {id=850536d1-3b6f-433e-b956-eea077f24513}]
Capabilities {acceptInsecureCerts: true, browserName: firefox, browserVersion: 130.0.1, moz:accessibilityChecks: false, moz:buildID: 20240913135723, moz:geckodriverVersion: 0.35.0, moz:headless: false, moz:platformVersion: 10.0, moz:processID: 8464, moz:profile: C:\Users\harin\AppData\Loca..., moz:shutdownTimeout: 60000, moz:webdriverClick: true, moz:windowless: false, pageLoadStrategy: normal, platformName: windows, proxy: Proxy(), setWindowRect: true, strictFileInteractability: false, timeouts: {implicit: 0, pageLoad: 300000, script: 30000}, unhandledPromptBehavior: dismiss and notify, userAgent: Mozilla/5.0 (Windows NT 10....}
Element: [[FirefoxDriver: firefox on windows (5be3237d-ac91-478f-96f9-4394e08f94aa)] -&amp;gt; xpath: (//div[.=&amp;apos;Log In&amp;apos;])[3]]
Session ID: 5be3237d-ac91-478f-96f9-4394e08f94aa">
      <![CDATA[org.openqa.selenium.ElementClickInterceptedException: Element <div class="btn btn-red plr-50"> is not clickable at point (508,379) because another element <div class="fade modal show"> obscures it
Build info: version: '4.18.1', revision: 'b1d3319b48'
System info: os.name: 'Windows 11', os.arch: 'amd64', os.version: '10.0', java.version: '22.0.1'
Driver info: org.openqa.selenium.firefox.FirefoxDriver
Command: [5be3237d-ac91-478f-96f9-4394e08f94aa, clickElement {id=850536d1-3b6f-433e-b956-eea077f24513}]
Capabilities {acceptInsecureCerts: true, browserName: firefox, browserVersion: 130.0.1, moz:accessibilityChecks: false, moz:buildID: 20240913135723, moz:geckodriverVersion: 0.35.0, moz:headless: false, moz:platformVersion: 10.0, moz:processID: 8464, moz:profile: C:\Users\harin\AppData\Loca..., moz:shutdownTimeout: 60000, moz:webdriverClick: true, moz:windowless: false, pageLoadStrategy: normal, platformName: windows, proxy: Proxy(), setWindowRect: true, strictFileInteractability: false, timeouts: {implicit: 0, pageLoad: 300000, script: 30000}, unhandledPromptBehavior: dismiss and notify, userAgent: Mozilla/5.0 (Windows NT 10....}
Element: [[FirefoxDriver: firefox on windows (5be3237d-ac91-478f-96f9-4394e08f94aa)] -> xpath: (//div[.='Log In'])[3]]
Session ID: 5be3237d-ac91-478f-96f9-4394e08f94aa
at org.openqa.selenium.remote.ErrorCodec.decode(ErrorCodec.java:167)
at org.openqa.selenium.remote.codec.w3c.W3CHttpResponseCodec.decode(W3CHttpResponseCodec.java:138)
at org.openqa.selenium.remote.codec.w3c.W3CHttpResponseCodec.decode(W3CHttpResponseCodec.java:50)
at org.openqa.selenium.remote.HttpCommandExecutor.execute(HttpCommandExecutor.java:190)
at org.openqa.selenium.remote.service.DriverCommandExecutor.invokeExecute(DriverCommandExecutor.java:216)
at org.openqa.selenium.remote.service.DriverCommandExecutor.execute(DriverCommandExecutor.java:174)
at org.openqa.selenium.remote.RemoteWebDriver.execute(RemoteWebDriver.java:519)
at org.openqa.selenium.remote.RemoteWebElement.execute(RemoteWebElement.java:223)
at org.openqa.selenium.remote.RemoteWebElement.click(RemoteWebElement.java:76)
at org.openqa.selenium.support.pagefactory.internal.LocatingElementHandler.invoke(LocatingElementHandler.java:51)
at jdk.proxy2/jdk.proxy2.$Proxy20.click(Unknown Source)
at Utility.utils.clickbtnjs(utils.java:186)
at Pages.Loginpage.logindetails(Loginpage.java:65)
at Tests.Logintest.login(Logintest.java:26)
at java.base/java.util.ArrayList.forEach(ArrayList.java:1597)
... Removed 30 stack frames]]>
    </failure>
  </testcase> <!-- login -->
  <testcase classname="Tests.Onewaytest" name="oneway" time="16.894">
    <failure type="org.openqa.selenium.ElementClickInterceptedException" message="Element &amp;lt;div class=&amp;quot;css-76zvg2 r-homxoj r-poiln3 r-1b43r93 r-193dp3&amp;quot;&amp;gt; is not clickable at point (667,505) because another element &amp;lt;div class=&amp;quot;css-1dbjc4n r-14lw9ot r-z2wwpe r-1rjd0u6 r-1g94qm0 r-h3f8nf r-1dqxon3 r-u8s1d r-12kfsgm r-8fdsdq&amp;quot;&amp;gt; obscures it
Build info: version: &amp;apos;4.18.1&amp;apos;, revision: &amp;apos;b1d3319b48&amp;apos;
System info: os.name: &amp;apos;Windows 11&amp;apos;, os.arch: &amp;apos;amd64&amp;apos;, os.version: &amp;apos;10.0&amp;apos;, java.version: &amp;apos;22.0.1&amp;apos;
Driver info: org.openqa.selenium.firefox.FirefoxDriver
Command: [8e2fd1d1-4b8b-4fca-b514-cce6447587d7, clickElement {id=2e8913a3-5535-4beb-a6e1-0046cfe75820}]
Capabilities {acceptInsecureCerts: true, browserName: firefox, browserVersion: 130.0.1, moz:accessibilityChecks: false, moz:buildID: 20240913135723, moz:geckodriverVersion: 0.35.0, moz:headless: false, moz:platformVersion: 10.0, moz:processID: 37820, moz:profile: C:\Users\harin\AppData\Loca..., moz:shutdownTimeout: 60000, moz:webdriverClick: true, moz:windowless: false, pageLoadStrategy: normal, platformName: windows, proxy: Proxy(), setWindowRect: true, strictFileInteractability: false, timeouts: {implicit: 0, pageLoad: 300000, script: 30000}, unhandledPromptBehavior: dismiss and notify, userAgent: Mozilla/5.0 (Windows NT 10....}
Element: [[FirefoxDriver: firefox on windows (8e2fd1d1-4b8b-4fca-b514-cce6447587d7)] -&amp;gt; xpath: //div[@class=&amp;apos;css-1dbjc4n r-14lw9ot r-z2wwpe r-1rjd0u6 r-1g94qm0 r-h3f8nf r-1dqxon3 r-u8s1d r-12kfsgm r-8fdsdq&amp;apos;]/div[2]/div[101]/div[1]/div[1]]
Session ID: 8e2fd1d1-4b8b-4fca-b514-cce6447587d7">
      <![CDATA[org.openqa.selenium.ElementClickInterceptedException: Element <div class="css-76zvg2 r-homxoj r-poiln3 r-1b43r93 r-193dp3"> is not clickable at point (667,505) because another element <div class="css-1dbjc4n r-14lw9ot r-z2wwpe r-1rjd0u6 r-1g94qm0 r-h3f8nf r-1dqxon3 r-u8s1d r-12kfsgm r-8fdsdq"> obscures it
Build info: version: '4.18.1', revision: 'b1d3319b48'
System info: os.name: 'Windows 11', os.arch: 'amd64', os.version: '10.0', java.version: '22.0.1'
Driver info: org.openqa.selenium.firefox.FirefoxDriver
Command: [8e2fd1d1-4b8b-4fca-b514-cce6447587d7, clickElement {id=2e8913a3-5535-4beb-a6e1-0046cfe75820}]
Capabilities {acceptInsecureCerts: true, browserName: firefox, browserVersion: 130.0.1, moz:accessibilityChecks: false, moz:buildID: 20240913135723, moz:geckodriverVersion: 0.35.0, moz:headless: false, moz:platformVersion: 10.0, moz:processID: 37820, moz:profile: C:\Users\harin\AppData\Loca..., moz:shutdownTimeout: 60000, moz:webdriverClick: true, moz:windowless: false, pageLoadStrategy: normal, platformName: windows, proxy: Proxy(), setWindowRect: true, strictFileInteractability: false, timeouts: {implicit: 0, pageLoad: 300000, script: 30000}, unhandledPromptBehavior: dismiss and notify, userAgent: Mozilla/5.0 (Windows NT 10....}
Element: [[FirefoxDriver: firefox on windows (8e2fd1d1-4b8b-4fca-b514-cce6447587d7)] -> xpath: //div[@class='css-1dbjc4n r-14lw9ot r-z2wwpe r-1rjd0u6 r-1g94qm0 r-h3f8nf r-1dqxon3 r-u8s1d r-12kfsgm r-8fdsdq']/div[2]/div[101]/div[1]/div[1]]
Session ID: 8e2fd1d1-4b8b-4fca-b514-cce6447587d7
at org.openqa.selenium.remote.ErrorCodec.decode(ErrorCodec.java:167)
at org.openqa.selenium.remote.codec.w3c.W3CHttpResponseCodec.decode(W3CHttpResponseCodec.java:138)
at org.openqa.selenium.remote.codec.w3c.W3CHttpResponseCodec.decode(W3CHttpResponseCodec.java:50)
at org.openqa.selenium.remote.HttpCommandExecutor.execute(HttpCommandExecutor.java:190)
at org.openqa.selenium.remote.service.DriverCommandExecutor.invokeExecute(DriverCommandExecutor.java:216)
at org.openqa.selenium.remote.service.DriverCommandExecutor.execute(DriverCommandExecutor.java:174)
at org.openqa.selenium.remote.RemoteWebDriver.execute(RemoteWebDriver.java:519)
at org.openqa.selenium.remote.RemoteWebElement.execute(RemoteWebElement.java:223)
at org.openqa.selenium.remote.RemoteWebElement.click(RemoteWebElement.java:76)
at org.openqa.selenium.support.pagefactory.internal.LocatingElementHandler.invoke(LocatingElementHandler.java:51)
at jdk.proxy2/jdk.proxy2.$Proxy20.click(Unknown Source)
at Utility.utils.clickbtn(utils.java:87)
at Pages.Passengerpage.passengersdefaultdetails(Passengerpage.java:63)
at Tests.Onewaytest.oneway(Onewaytest.java:32)
at java.base/java.util.ArrayList.forEach(ArrayList.java:1597)
... Removed 30 stack frames]]>
    </failure>
  </testcase> <!-- oneway -->
  <testcase classname="Tests.Roundtriptest" name="roundtrip" time="17.634">
    <failure type="org.openqa.selenium.ElementClickInterceptedException" message="Element &amp;lt;div class=&amp;quot;css-76zvg2 r-homxoj r-poiln3 r-1b43r93 r-193dp3&amp;quot;&amp;gt; is not clickable at point (667,505) because another element &amp;lt;div class=&amp;quot;css-1dbjc4n r-14lw9ot r-z2wwpe r-1rjd0u6 r-1g94qm0 r-h3f8nf r-1dqxon3 r-u8s1d r-12kfsgm r-8fdsdq&amp;quot;&amp;gt; obscures it
Build info: version: &amp;apos;4.18.1&amp;apos;, revision: &amp;apos;b1d3319b48&amp;apos;
System info: os.name: &amp;apos;Windows 11&amp;apos;, os.arch: &amp;apos;amd64&amp;apos;, os.version: &amp;apos;10.0&amp;apos;, java.version: &amp;apos;22.0.1&amp;apos;
Driver info: org.openqa.selenium.firefox.FirefoxDriver
Command: [e1c71a74-22ec-4319-9324-83893c928f27, clickElement {id=b607d441-37c0-4c5d-963d-ca8e68464401}]
Capabilities {acceptInsecureCerts: true, browserName: firefox, browserVersion: 130.0.1, moz:accessibilityChecks: false, moz:buildID: 20240913135723, moz:geckodriverVersion: 0.35.0, moz:headless: false, moz:platformVersion: 10.0, moz:processID: 47200, moz:profile: C:\Users\harin\AppData\Loca..., moz:shutdownTimeout: 60000, moz:webdriverClick: true, moz:windowless: false, pageLoadStrategy: normal, platformName: windows, proxy: Proxy(), setWindowRect: true, strictFileInteractability: false, timeouts: {implicit: 0, pageLoad: 300000, script: 30000}, unhandledPromptBehavior: dismiss and notify, userAgent: Mozilla/5.0 (Windows NT 10....}
Element: [[FirefoxDriver: firefox on windows (e1c71a74-22ec-4319-9324-83893c928f27)] -&amp;gt; xpath: //div[@class=&amp;apos;css-1dbjc4n r-14lw9ot r-z2wwpe r-1rjd0u6 r-1g94qm0 r-h3f8nf r-1dqxon3 r-u8s1d r-12kfsgm r-8fdsdq&amp;apos;]/div[2]/div[101]/div[1]/div[1]]
Session ID: e1c71a74-22ec-4319-9324-83893c928f27">
      <![CDATA[org.openqa.selenium.ElementClickInterceptedException: Element <div class="css-76zvg2 r-homxoj r-poiln3 r-1b43r93 r-193dp3"> is not clickable at point (667,505) because another element <div class="css-1dbjc4n r-14lw9ot r-z2wwpe r-1rjd0u6 r-1g94qm0 r-h3f8nf r-1dqxon3 r-u8s1d r-12kfsgm r-8fdsdq"> obscures it
Build info: version: '4.18.1', revision: 'b1d3319b48'
System info: os.name: 'Windows 11', os.arch: 'amd64', os.version: '10.0', java.version: '22.0.1'
Driver info: org.openqa.selenium.firefox.FirefoxDriver
Command: [e1c71a74-22ec-4319-9324-83893c928f27, clickElement {id=b607d441-37c0-4c5d-963d-ca8e68464401}]
Capabilities {acceptInsecureCerts: true, browserName: firefox, browserVersion: 130.0.1, moz:accessibilityChecks: false, moz:buildID: 20240913135723, moz:geckodriverVersion: 0.35.0, moz:headless: false, moz:platformVersion: 10.0, moz:processID: 47200, moz:profile: C:\Users\harin\AppData\Loca..., moz:shutdownTimeout: 60000, moz:webdriverClick: true, moz:windowless: false, pageLoadStrategy: normal, platformName: windows, proxy: Proxy(), setWindowRect: true, strictFileInteractability: false, timeouts: {implicit: 0, pageLoad: 300000, script: 30000}, unhandledPromptBehavior: dismiss and notify, userAgent: Mozilla/5.0 (Windows NT 10....}
Element: [[FirefoxDriver: firefox on windows (e1c71a74-22ec-4319-9324-83893c928f27)] -> xpath: //div[@class='css-1dbjc4n r-14lw9ot r-z2wwpe r-1rjd0u6 r-1g94qm0 r-h3f8nf r-1dqxon3 r-u8s1d r-12kfsgm r-8fdsdq']/div[2]/div[101]/div[1]/div[1]]
Session ID: e1c71a74-22ec-4319-9324-83893c928f27
at org.openqa.selenium.remote.ErrorCodec.decode(ErrorCodec.java:167)
at org.openqa.selenium.remote.codec.w3c.W3CHttpResponseCodec.decode(W3CHttpResponseCodec.java:138)
at org.openqa.selenium.remote.codec.w3c.W3CHttpResponseCodec.decode(W3CHttpResponseCodec.java:50)
at org.openqa.selenium.remote.HttpCommandExecutor.execute(HttpCommandExecutor.java:190)
at org.openqa.selenium.remote.service.DriverCommandExecutor.invokeExecute(DriverCommandExecutor.java:216)
at org.openqa.selenium.remote.service.DriverCommandExecutor.execute(DriverCommandExecutor.java:174)
at org.openqa.selenium.remote.RemoteWebDriver.execute(RemoteWebDriver.java:519)
at org.openqa.selenium.remote.RemoteWebElement.execute(RemoteWebElement.java:223)
at org.openqa.selenium.remote.RemoteWebElement.click(RemoteWebElement.java:76)
at org.openqa.selenium.support.pagefactory.internal.LocatingElementHandler.invoke(LocatingElementHandler.java:51)
at jdk.proxy2/jdk.proxy2.$Proxy20.click(Unknown Source)
at Utility.utils.clickbtn(utils.java:87)
at Pages.Passengerpage.passengersdefaultdetails(Passengerpage.java:63)
at Tests.Roundtriptest.roundtrip(Roundtriptest.java:30)
at java.base/java.util.ArrayList.forEach(ArrayList.java:1597)
... Removed 30 stack frames]]>
    </failure>
  </testcase> <!-- roundtrip -->
  <testcase classname="Tests.validatetest" name="validate" time="0.352"/>
  <testcase classname="Tests.validatetest" name="validate" time="0.639"/>
  <testcase classname="Tests.validatetest" name="validate" time="0.496"/>
</testsuite> <!-- FirefoxTests -->
