<?xml version="1.0" encoding="UTF-8"?>
<!-- Generated by org.testng.reporters.JUnitXMLReporter -->
<testsuite ignored="0" hostname="DESKTOP-HIN4ESK" failures="0" tests="3" name="Test3" time="16.054" errors="0" timestamp="2024-09-21T12:42:56 IST">
  <testcase classname="Tests.validatetest" name="validate" time="0.262"/>
  <testcase classname="Tests.validatetest" name="validate" time="0.29"/>
  <testcase classname="Tests.validatetest" name="validate" time="0.295"/>
</testsuite> <!-- Test3 -->
