<?xml version="1.0" encoding="UTF-8"?>
<!-- Generated by org.testng.reporters.JUnitXMLReporter -->
<testsuite ignored="0" hostname="DESKTOP-HIN4ESK" failures="0" tests="3" name="Test3" time="12.469" errors="0" timestamp="2024-09-21T16:15:27 IST">
  <testcase classname="Tests.validatetest" name="validate" time="0.339"/>
  <testcase classname="Tests.validatetest" name="validate" time="0.386"/>
  <testcase classname="Tests.validatetest" name="validate" time="0.299"/>
</testsuite> <!-- Test3 -->
